<?xml version="1.0" encoding="UTF-8"?>
<!-- Generated by org.testng.reporters.JUnitReportReporter -->
<testsuite hostname="MyMacs-MBP-2.fios-router.home" name="SeleniumMethods.Sel_39_TestNgSample" tests="2" failures="0" timestamp="26 Jun 2020 13:06:26 GMT" time="17.139" errors="0">
  <testcase name="InvalidCredentials" time="9.278" classname="SeleniumMethods.Sel_39_TestNgSample"/>
  <testcase name="getTitle" time="7.861" classname="SeleniumMethods.Sel_39_TestNgSample"/>
</testsuite> <!-- SeleniumMethods.Sel_39_TestNgSample -->
