<?xml version="1.0" encoding="UTF-8"?>
<!-- Generated by org.testng.reporters.JUnitReportReporter -->
<testsuite hostname="MyMacs-MBP-2.fios-router.home" name="SeleniumMethods.Sel_399_Test_NG" tests="2" failures="0" timestamp="26 Jun 2020 13:05:11 GMT" time="17.055" errors="0">
  <testcase name="getTitle" time="7.236" classname="SeleniumMethods.Sel_399_Test_NG"/>
  <testcase name="invalidCredentials" time="9.819" classname="SeleniumMethods.Sel_399_Test_NG"/>
</testsuite> <!-- SeleniumMethods.Sel_399_Test_NG -->
