<?xml version="1.0" encoding="UTF-8"?>
<!-- Generated by org.testng.reporters.JUnitReportReporter -->
<testsuite hostname="MyMacs-MBP-2.fios-router.home" name="SeleniumMethods.TestNGSample" tests="2" failures="0" timestamp="26 Jun 2020 13:03:18 GMT" time="18.210" errors="0">
  <testcase name="getTitle" time="7.189" classname="SeleniumMethods.TestNGSample"/>
  <testcase name="InvalidCredentials" time="11.021" classname="SeleniumMethods.TestNGSample"/>
</testsuite> <!-- SeleniumMethods.TestNGSample -->
